Started GET "/" for 127.0.0.1 at 2023-06-07 21:27:39 +0100
  [1m[35m (1.0ms)[0m  [1m[34mSELECT sqlite_version(*)[0m
Processing by Rails::WelcomeController#index as HTML
  Rendering /Users/iankey/.rbenv/versions/3.1.2/lib/ruby/gems/3.1.0/gems/railties-6.1.7.3/lib/rails/templates/rails/welcome/index.html.erb
  Rendered /Users/iankey/.rbenv/versions/3.1.2/lib/ruby/gems/3.1.0/gems/railties-6.1.7.3/lib/rails/templates/rails/welcome/index.html.erb (Duration: 4.0ms | Allocations: 580)
Completed 200 OK in 12ms (Views: 7.1ms | ActiveRecord: 0.0ms | Allocations: 4176)


  [1m[35m (0.2ms)[0m  [1m[34mSELECT sqlite_version(*)[0m
  [1m[35m (0.6ms)[0m  [1m[35mCREATE TABLE "schema_migrations" ("version" varchar NOT NULL PRIMARY KEY)[0m
  [1m[35m (0.4ms)[0m  [1m[35mCREATE TABLE "ar_internal_metadata" ("key" varchar NOT NULL PRIMARY KEY, "value" varchar, "created_at" datetime(6) NOT NULL, "updated_at" datetime(6) NOT NULL)[0m
  [1m[35m (0.0ms)[0m  [1m[34mSELECT "schema_migrations"."version" FROM "schema_migrations" ORDER BY "schema_migrations"."version" ASC[0m
Migrating to CreatePosts (20230607203105)
  [1m[36mTRANSACTION (0.0ms)[0m  [1m[36mbegin transaction[0m
  [1m[35m (0.2ms)[0m  [1m[35mCREATE TABLE "posts" ("id" integer PRIMARY KEY AUTOINCREMENT NOT NULL, "content" varchar, "user_id" integer, "created_at" datetime(6) NOT NULL, "updated_at" datetime(6) NOT NULL)[0m
  [1m[36mActiveRecord::SchemaMigration Create (0.1ms)[0m  [1m[32mINSERT INTO "schema_migrations" ("version") VALUES (?)[0m  [["version", "20230607203105"]]
  [1m[36mTRANSACTION (0.4ms)[0m  [1m[36mcommit transaction[0m
  [1m[36mActiveRecord::InternalMetadata Load (0.1ms)[0m  [1m[34mSELECT "ar_internal_metadata".* FROM "ar_internal_metadata" WHERE "ar_internal_metadata"."key" = ? LIMIT ?[0m  [["key", "environment"], ["LIMIT", 1]]
  [1m[36mTRANSACTION (0.0ms)[0m  [1m[36mbegin transaction[0m
  [1m[36mActiveRecord::InternalMetadata Create (0.3ms)[0m  [1m[32mINSERT INTO "ar_internal_metadata" ("key", "value", "created_at", "updated_at") VALUES (?, ?, ?, ?)[0m  [["key", "environment"], ["value", "development"], ["created_at", "2023-06-07 20:35:54.819672"], ["updated_at", "2023-06-07 20:35:54.819672"]]
  [1m[36mTRANSACTION (0.4ms)[0m  [1m[36mcommit transaction[0m
  [1m[35m (0.0ms)[0m  [1m[34mSELECT sqlite_version(*)[0m
  [1m[35m (0.0ms)[0m  [1m[34mSELECT "schema_migrations"."version" FROM "schema_migrations" ORDER BY "schema_migrations"."version" ASC[0m
  [1m[35m (0.2ms)[0m  [1m[34mSELECT sqlite_version(*)[0m
  [1m[35m (0.0ms)[0m  [1m[34mSELECT "schema_migrations"."version" FROM "schema_migrations" ORDER BY "schema_migrations"."version" ASC[0m
Migrating to CreateUsers (20230607203609)
  [1m[36mTRANSACTION (0.0ms)[0m  [1m[36mbegin transaction[0m
  [1m[35m (0.3ms)[0m  [1m[35mCREATE TABLE "users" ("id" integer PRIMARY KEY AUTOINCREMENT NOT NULL, "username" varchar, "email" varchar, "first_name" varchar, "last_name" varchar, "created_at" datetime(6) NOT NULL, "updated_at" datetime(6) NOT NULL)[0m
  [1m[36mActiveRecord::SchemaMigration Create (0.1ms)[0m  [1m[32mINSERT INTO "schema_migrations" ("version") VALUES (?)[0m  [["version", "20230607203609"]]
  [1m[36mTRANSACTION (0.5ms)[0m  [1m[36mcommit transaction[0m
  [1m[36mActiveRecord::InternalMetadata Load (0.1ms)[0m  [1m[34mSELECT "ar_internal_metadata".* FROM "ar_internal_metadata" WHERE "ar_internal_metadata"."key" = ? LIMIT ?[0m  [["key", "environment"], ["LIMIT", 1]]
  [1m[35m (0.0ms)[0m  [1m[34mSELECT sqlite_version(*)[0m
  [1m[35m (0.0ms)[0m  [1m[34mSELECT "schema_migrations"."version" FROM "schema_migrations" ORDER BY "schema_migrations"."version" ASC[0m
  [1m[35m (0.5ms)[0m  [1m[34mSELECT sqlite_version(*)[0m
  [1m[36mTRANSACTION (0.0ms)[0m  [1m[36mbegin transaction[0m
  [1m[36mUser Create (0.3ms)[0m  [1m[32mINSERT INTO "users" ("username", "email", "first_name", "last_name", "created_at", "updated_at") VALUES (?, ?, ?, ?, ?, ?)[0m  [["username", "johnsmith"], ["email", "johnsmith@fsnet.com"], ["first_name", "John"], ["last_name", "Smith"], ["created_at", "2023-06-07 20:42:24.881444"], ["updated_at", "2023-06-07 20:42:24.881444"]]
  [1m[36mTRANSACTION (0.8ms)[0m  [1m[36mcommit transaction[0m
  [1m[36mUser Load (0.3ms)[0m  [1m[34mSELECT "users".* FROM "users"[0m
  [1m[35m (0.3ms)[0m  [1m[34mSELECT sqlite_version(*)[0m
  [1m[36mPost Load (0.1ms)[0m  [1m[34mSELECT "posts".* FROM "posts"[0m
  [1m[36mTRANSACTION (0.0ms)[0m  [1m[36mbegin transaction[0m
  [1m[36mUser Load (0.0ms)[0m  [1m[34mSELECT "users".* FROM "users" WHERE "users"."id" = ? LIMIT ?[0m  [["id", 1], ["LIMIT", 1]]
  [1m[36mPost Create (0.4ms)[0m  [1m[32mINSERT INTO "posts" ("content", "user_id", "created_at", "updated_at") VALUES (?, ?, ?, ?)[0m  [["content", "This is my first post"], ["user_id", 1], ["created_at", "2023-06-07 20:48:11.576982"], ["updated_at", "2023-06-07 20:48:11.576982"]]
  [1m[36mTRANSACTION (0.5ms)[0m  [1m[36mcommit transaction[0m
  [1m[36mPost Load (0.3ms)[0m  [1m[34mSELECT "posts".* FROM "posts"[0m
Started GET "/" for 127.0.0.1 at 2023-06-07 21:50:07 +0100
  [1m[35m (0.7ms)[0m  [1m[34mSELECT sqlite_version(*)[0m
  [1m[35m (0.1ms)[0m  [1m[34mSELECT "schema_migrations"."version" FROM "schema_migrations" ORDER BY "schema_migrations"."version" ASC[0m
  
ActionController::RoutingError (uninitialized constant StaticPagesController

        Object.const_get(camel_cased_word)
              ^^^^^^^^^^

            raise MissingController.new(error.message, error.name)
            ^^^^^):
  
Started GET "/" for 127.0.0.1 at 2023-06-07 21:52:10 +0100
  [1m[35m (0.3ms)[0m  [1m[34mSELECT sqlite_version(*)[0m
  [1m[35m (0.1ms)[0m  [1m[34mSELECT "schema_migrations"."version" FROM "schema_migrations" ORDER BY "schema_migrations"."version" ASC[0m
Processing by StaticPagesController#index as HTML
  Rendering layout layouts/application.html.erb
  Rendering static_pages/index.html.erb within layouts/application
  Rendered static_pages/index.html.erb within layouts/application (Duration: 0.3ms | Allocations: 337)
  Rendered layout layouts/application.html.erb (Duration: 24.0ms | Allocations: 12341)
Completed 200 OK in 28ms (Views: 26.3ms | ActiveRecord: 0.0ms | Allocations: 15285)


Started POST "/posts" for ::1 at 2023-06-07 21:53:48 +0100
  
ActionController::RoutingError (uninitialized constant PostsController

        Object.const_get(camel_cased_word)
              ^^^^^^^^^^

            raise MissingController.new(error.message, error.name)
            ^^^^^):
  
Started GET "/" for 127.0.0.1 at 2023-06-07 21:55:25 +0100
  [1m[35m (0.3ms)[0m  [1m[34mSELECT sqlite_version(*)[0m
  [1m[35m (0.1ms)[0m  [1m[34mSELECT "schema_migrations"."version" FROM "schema_migrations" ORDER BY "schema_migrations"."version" ASC[0m
Processing by StaticPagesController#index as HTML
  Rendering layout layouts/application.html.erb
  Rendering static_pages/index.html.erb within layouts/application
  Rendered static_pages/index.html.erb within layouts/application (Duration: 0.7ms | Allocations: 337)
  Rendered layout layouts/application.html.erb (Duration: 21.6ms | Allocations: 14599)
Completed 200 OK in 25ms (Views: 23.5ms | ActiveRecord: 0.0ms | Allocations: 17556)


Started POST "/posts" for ::1 at 2023-06-07 21:55:33 +0100
  
AbstractController::ActionNotFound (The action 'create' could not be found for PostsController):
  
actionpack (6.1.7.3) lib/abstract_controller/base.rb:160:in `process'
actionview (6.1.7.3) lib/action_view/rendering.rb:39:in `process'
actionpack (6.1.7.3) lib/action_controller/metal.rb:190:in `dispatch'
actionpack (6.1.7.3) lib/action_controller/metal.rb:254:in `dispatch'
actionpack (6.1.7.3) lib/action_dispatch/routing/route_set.rb:50:in `dispatch'
actionpack (6.1.7.3) lib/action_dispatch/routing/route_set.rb:33:in `serve'
actionpack (6.1.7.3) lib/action_dispatch/journey/router.rb:50:in `block in serve'
actionpack (6.1.7.3) lib/action_dispatch/journey/router.rb:32:in `each'
actionpack (6.1.7.3) lib/action_dispatch/journey/router.rb:32:in `serve'
actionpack (6.1.7.3) lib/action_dispatch/routing/route_set.rb:842:in `call'
rack (2.2.7) lib/rack/tempfile_reaper.rb:15:in `call'
rack (2.2.7) lib/rack/etag.rb:27:in `call'
rack (2.2.7) lib/rack/conditional_get.rb:40:in `call'
rack (2.2.7) lib/rack/head.rb:12:in `call'
actionpack (6.1.7.3) lib/action_dispatch/http/permissions_policy.rb:22:in `call'
actionpack (6.1.7.3) lib/action_dispatch/http/content_security_policy.rb:19:in `call'
rack (2.2.7) lib/rack/session/abstract/id.rb:266:in `context'
rack (2.2.7) lib/rack/session/abstract/id.rb:260:in `call'
actionpack (6.1.7.3) lib/action_dispatch/middleware/cookies.rb:697:in `call'
activerecord (6.1.7.3) lib/active_record/migration.rb:601:in `call'
actionpack (6.1.7.3) lib/action_dispatch/middleware/callbacks.rb:27:in `block in call'
activesupport (6.1.7.3) lib/active_support/callbacks.rb:98:in `run_callbacks'
actionpack (6.1.7.3) lib/action_dispatch/middleware/callbacks.rb:26:in `call'
actionpack (6.1.7.3) lib/action_dispatch/middleware/executor.rb:14:in `call'
actionpack (6.1.7.3) lib/action_dispatch/middleware/actionable_exceptions.rb:18:in `call'
actionpack (6.1.7.3) lib/action_dispatch/middleware/debug_exceptions.rb:29:in `call'
web-console (4.2.0) lib/web_console/middleware.rb:132:in `call_app'
web-console (4.2.0) lib/web_console/middleware.rb:28:in `block in call'
web-console (4.2.0) lib/web_console/middleware.rb:17:in `catch'
web-console (4.2.0) lib/web_console/middleware.rb:17:in `call'
actionpack (6.1.7.3) lib/action_dispatch/middleware/show_exceptions.rb:33:in `call'
railties (6.1.7.3) lib/rails/rack/logger.rb:37:in `call_app'
railties (6.1.7.3) lib/rails/rack/logger.rb:26:in `block in call'
activesupport (6.1.7.3) lib/active_support/tagged_logging.rb:99:in `block in tagged'
activesupport (6.1.7.3) lib/active_support/tagged_logging.rb:37:in `tagged'
activesupport (6.1.7.3) lib/active_support/tagged_logging.rb:99:in `tagged'
railties (6.1.7.3) lib/rails/rack/logger.rb:26:in `call'
sprockets-rails (3.4.2) lib/sprockets/rails/quiet_assets.rb:13:in `call'
actionpack (6.1.7.3) lib/action_dispatch/middleware/remote_ip.rb:81:in `call'
actionpack (6.1.7.3) lib/action_dispatch/middleware/request_id.rb:26:in `call'
rack (2.2.7) lib/rack/method_override.rb:24:in `call'
rack (2.2.7) lib/rack/runtime.rb:22:in `call'
activesupport (6.1.7.3) lib/active_support/cache/strategy/local_cache_middleware.rb:29:in `call'
actionpack (6.1.7.3) lib/action_dispatch/middleware/executor.rb:14:in `call'
actionpack (6.1.7.3) lib/action_dispatch/middleware/static.rb:24:in `call'
rack (2.2.7) lib/rack/sendfile.rb:110:in `call'
actionpack (6.1.7.3) lib/action_dispatch/middleware/host_authorization.rb:148:in `call'
rack-mini-profiler (2.3.4) lib/mini_profiler/profiler.rb:393:in `call'
railties (6.1.7.3) lib/rails/engine.rb:539:in `call'
puma (5.6.5) lib/puma/configuration.rb:252:in `call'
puma (5.6.5) lib/puma/request.rb:77:in `block in handle_request'
puma (5.6.5) lib/puma/thread_pool.rb:340:in `with_force_shutdown'
puma (5.6.5) lib/puma/request.rb:76:in `handle_request'
puma (5.6.5) lib/puma/server.rb:443:in `process_client'
puma (5.6.5) lib/puma/thread_pool.rb:147:in `block in spawn_thread'
Started POST "/posts" for ::1 at 2023-06-07 21:59:21 +0100
  
SyntaxError (/Users/iankey/Documents/GitHub/RubyApp-SocialMedia/SocialMedia/app/controllers/posts_controller.rb:6: syntax error, unexpected '}', expecting =>
...on: { post: new_post, user_id }
...                              ^
):
  
app/controllers/posts_controller.rb:6: syntax error, unexpected '}', expecting =>
app/controllers/posts_controller.rb:6: syntax error, unexpected '}', expecting =>
app/controllers/posts_controller.rb:6: syntax error, unexpected '}', expecting =>
Started POST "/posts" for ::1 at 2023-06-07 21:59:35 +0100
Processing by PostsController#create as */*
  Parameters: {"content"=>"This is my second post", "user_id"=>"1"}
  [1m[35m (0.1ms)[0m  [1m[34mSELECT sqlite_version(*)[0m
  ↳ app/controllers/posts_controller.rb:5:in `create'
  [1m[36mTRANSACTION (0.0ms)[0m  [1m[36mbegin transaction[0m
  ↳ app/controllers/posts_controller.rb:5:in `create'
  [1m[36mUser Load (0.1ms)[0m  [1m[34mSELECT "users".* FROM "users" WHERE "users"."id" = ? LIMIT ?[0m  [["id", 1], ["LIMIT", 1]]
  ↳ app/controllers/posts_controller.rb:5:in `create'
  [1m[36mPost Create (0.4ms)[0m  [1m[32mINSERT INTO "posts" ("content", "user_id", "created_at", "updated_at") VALUES (?, ?, ?, ?)[0m  [["content", "This is my second post"], ["user_id", 1], ["created_at", "2023-06-07 20:59:35.948130"], ["updated_at", "2023-06-07 20:59:35.948130"]]
  ↳ app/controllers/posts_controller.rb:5:in `create'
  [1m[36mTRANSACTION (0.6ms)[0m  [1m[36mcommit transaction[0m
  ↳ app/controllers/posts_controller.rb:5:in `create'
Completed 200 OK in 18ms (Views: 0.2ms | ActiveRecord: 1.7ms | Allocations: 16928)


Started POST "/posts" for ::1 at 2023-06-07 22:03:21 +0100
Processing by PostsController#create as */*
  Parameters: {"username"=>"janedoe", "email"=>"jane.doe@yahoo.com", "first_name"=>"Jane", "last_name"=>"Doe"}
  [1m[35m (0.0ms)[0m  [1m[34mSELECT sqlite_version(*)[0m
  ↳ app/controllers/posts_controller.rb:5:in `create'
Completed 200 OK in 5ms (Views: 0.1ms | ActiveRecord: 0.3ms | Allocations: 6640)


Started POST "/users" for ::1 at 2023-06-07 22:03:55 +0100
Processing by UsersController#create as */*
  Parameters: {"username"=>"janedoe", "email"=>"jane.doe@yahoo.com", "first_name"=>"Jane", "last_name"=>"Doe"}
  [1m[35m (0.0ms)[0m  [1m[34mSELECT sqlite_version(*)[0m
  ↳ app/controllers/users_controller.rb:5:in `create'
  [1m[36mTRANSACTION (0.0ms)[0m  [1m[36mbegin transaction[0m
  ↳ app/controllers/users_controller.rb:5:in `create'
  [1m[36mUser Create (0.2ms)[0m  [1m[32mINSERT INTO "users" ("username", "email", "first_name", "last_name", "created_at", "updated_at") VALUES (?, ?, ?, ?, ?, ?)[0m  [["username", "janedoe"], ["email", "jane.doe@yahoo.com"], ["first_name", "Jane"], ["last_name", "Doe"], ["created_at", "2023-06-07 21:03:55.154854"], ["updated_at", "2023-06-07 21:03:55.154854"]]
  ↳ app/controllers/users_controller.rb:5:in `create'
  [1m[36mTRANSACTION (0.6ms)[0m  [1m[36mcommit transaction[0m
  ↳ app/controllers/users_controller.rb:5:in `create'
Completed 200 OK in 11ms (Views: 0.2ms | ActiveRecord: 1.2ms | Allocations: 8504)


Started GET "/post" for ::1 at 2023-06-07 22:05:58 +0100
  
ActionController::RoutingError (No route matches [GET] "/post"):
  
Started GET "/post" for ::1 at 2023-06-07 22:06:15 +0100
  
ActionController::RoutingError (No route matches [GET] "/post"):
  
Started GET "/posts" for ::1 at 2023-06-07 22:06:25 +0100
Processing by PostsController#get as */*
  [1m[35m (0.1ms)[0m  [1m[34mSELECT sqlite_version(*)[0m
  ↳ app/controllers/posts_controller.rb:11:in `get'
  [1m[36mPost Load (0.1ms)[0m  [1m[34mSELECT "posts".* FROM "posts"[0m
  ↳ app/controllers/posts_controller.rb:11:in `get'
Completed 200 OK in 10ms (Views: 7.6ms | ActiveRecord: 0.7ms | Allocations: 5818)


